<?xml version="1.0" encoding="UTF-8" standalone="no"?>
<window xmlns="http://schemas.haulmont.com/cuba/screen/window.xsd"
        caption="msg://TestSection.editorCaption"
        focusComponent="form"
        messagesPack="kz.uco.tsadv.web.modules.learning.testsection.v68">
    <data>
        <instance id="testSectionDc"
                  class="kz.uco.tsadv.modules.learning.model.TestSection"
                  view="testSection.edit">
            <loader/>
            <collection id="questionsDc" property="questions"/>
        </instance>
    </data>
    <dialogMode height="600"
                width="800"/>
    <layout expand="editActions" spacing="true">
        <form id="form" dataContainer="testSectionDc">
            <column width="350px">
                <textField id="sectionNameField" property="sectionName"/>
                <lookupField id="questionOrderField" property="questionOrder"/>
                <pickerField id="questionBankField" property="questionBank">
                    <actions>
                        <action id="lookup" type="picker_lookup"/>
                        <action id="clear" type="picker_clear"/>
                    </actions>
                </pickerField>
                <textField id="questionPerPageField" property="questionPerPage"/>
            </column>
            <column width="350px">
                <lookupField id="answerOrderField" property="answerOrder"/>
                <checkBox id="dynamicLoadField" property="dynamicLoad"/>
                <textField id="generateCountField" property="generateCount"/>
                <textField id="pointsPerQuestionField" property="pointsPerQuestion"/>
            </column>
        </form>
        <groupBox id="questionsBox" caption="msg://kz.uco.tsadv.modules.learning.model/TestSection.questions">
            <table id="questionsTable" dataContainer="questionsDc" width="100%" height="200px">
                <actions>
                    <action id="add" type="add" />
                    <action id="remove" type="remove"/>
                </actions>
                <columns>
                    <column id="question.type"/>
                    <column id="question.text"
                            maxTextLength="140"/>
                    <column id="question.score"/>
                </columns>
                <buttonsPanel>
                    <button action="questionsTable.add"/>
                    <button action="questionsTable.remove"/>
                </buttonsPanel>
            </table>
        </groupBox>
        <hbox id="editActions" spacing="true">
            <button id="commitAndCloseBtn" action="windowCommitAndClose"/>
            <button id="closeBtn" action="windowClose"/>
        </hbox>
    </layout>
</window>
