<?xml version="1.0" encoding="UTF-8" standalone="no"?>
<window xmlns="http://schemas.haulmont.com/cuba/screen/window.xsd"
        caption="msg://Test.editorCaption"
        focusComponent="form"
        messagesPack="kz.uco.tsadv.web.modules.learning.test.v72">
    <data>
        <instance id="testDc"
                  class="kz.uco.tsadv.modules.learning.model.Test"
                  view="test.edit">
            <loader/>
            <collection id="sectionsDc" property="sections"/>
            <collection id="jobTestDc" property="jobTest"/>
            <collection id="positionTestDc" property="positionTest"/>
        </instance>
    </data>
    <dialogMode height="600"
                width="800"/>
    <layout expand="tabSheet" spacing="true">
        <tabSheet id="tabSheet">
            <tab id="mainInfo"
                 caption="mainMsg://mainInfo"
                 expand="vBox"
                 margin="true,true,true,false">
                <vbox id="vBox"
                      expand="sectionsBox"
                      spacing="true"
                      width="100%">
                    <form id="form" dataContainer="testDc">
                        <column width="250px">
                            <textField id="nameField" property="name"/>
                            <pickerField id="typeField" property="type">
                                <actions>
                                    <action id="lookup" type="picker_lookup"/>
                                    <action id="clear" type="picker_clear"/>
                                </actions>
                            </pickerField>
                            <textField id="daysBetweenAttemptsField" property="daysBetweenAttempts"/>
                            <lookupField id="sectionOrderField" property="sectionOrder"/>
                            <textArea id="descriptionField" property="description"/>
                            <checkBox id="showSectionNewPageField" property="showSectionNewPage"/>
                            <textField id="questionPerPageField" property="questionPerPage"/>
                        </column>
                        <column width="250px">
                            <textField id="targetScoreField" property="targetScore"/>
                            <textField id="maxAttemptField" property="maxAttempt"/>
                            <textField id="timerField" property="timer"/>
                            <checkBox id="showResultsField" property="showResults"/>
                            <checkBox id="activeField" property="active"/>
                        </column>
                    </form>
                    <groupBox id="sectionsBox" expand="sectionsTable"
                              caption="msg://kz.uco.tsadv.modules.learning.model/Test.sections">
                        <table id="sectionsTable"
                               dataContainer="sectionsDc"
                               width="100%">
                            <actions>
                                <action id="create" type="create"/>
                                <action id="edit" type="edit"/>
                                <action id="remove" type="remove"/>
                            </actions>
                            <columns>
                                <column id="sectionName"/>
                                <column id="questionOrder"/>
                                <column id="questionBank.bankName"/>
                                <column id="questionPerPage"/>
                                <column id="answerOrder"/>
                            </columns>
                            <buttonsPanel>
                                <button action="sectionsTable.create"/>
                                <button action="sectionsTable.edit"/>
                                <button action="sectionsTable.remove"/>
                            </buttonsPanel>
                        </table>
                    </groupBox>
                </vbox>
            </tab>
            <tab id="instruction"
                 caption="msg://Test.instruction"
                 margin="true,false,false,false">
                <richTextArea id="instructionField"
                              dataContainer="testDc"
                              height="100%"
                              property="instruction"
                              width="100%"/>
            </tab>
            <tab id="positionTestBox"
                 caption="msg://positionTest"
                 margin="true, false, false, false">
                <table id="positionTestTable"
                       dataContainer="positionTestDc" width="100%" height="100%">
                    <actions>
                        <action id="create" type="create"/>
                        <action id="edit" type="edit"/>
                        <action id="remove" type="remove"/>
                    </actions>
                    <columns>
                        <column id="positionGroup.positionName"/>
                        <column id="purpose"/>
                        <column id="startDate"/>
                        <column id="endDate"/>
                    </columns>
                    <buttonsPanel>
                        <button action="positionTestTable.create"/>
                        <button action="positionTestTable.edit"/>
                        <button action="positionTestTable.remove"/>
                    </buttonsPanel>
                </table>
            </tab>
            <tab id="jobTestBox"
                 caption="msg://jobTest"
                 margin="true, false, false, false">
                <table id="jobTestTable" dataContainer="jobTestDc" width="100%" height="200px">
                    <actions>
                        <action id="create" type="create"/>
                        <action id="edit" type="edit"/>
                        <action id="remove" type="remove"/>
                    </actions>
                    <columns>
                        <column id="jobGroup.jobName"
                                caption="msg://jobName"/>
                        <column id="purpose"/>
                        <column id="startDate"/>
                        <column id="endDate"/>
                    </columns>
                    <buttonsPanel>
                        <button action="jobTestTable.create"/>
                        <button action="jobTestTable.edit"/>
                        <button action="jobTestTable.remove"/>
                    </buttonsPanel>
                </table>
            </tab>
        </tabSheet>
        <hbox id="editActions" spacing="true">
            <button id="commitAndCloseBtn" action="windowCommitAndClose"/>
            <button id="closeBtn" action="windowClose"/>
        </hbox>
    </layout>
</window>
